2020-10-01 16:46:19 - PHP Warning:  mysqli::__construct(): (HY000/1045): Access denied for user 'yourpcc1_admin'@'localhost' (using password: YES) in /home/yourpcc1/public_html/system/library/db/mysqli.php on line 7
2020-10-01 16:46:19 - PHP Warning:  DB\MySQLi::__construct(): Couldn't fetch mysqli in /home/yourpcc1/public_html/system/library/db/mysqli.php on line 10
2020-10-01 16:46:19 - PHP Warning:  DB\MySQLi::__construct(): Couldn't fetch mysqli in /home/yourpcc1/public_html/system/library/db/mysqli.php on line 10
2020-10-01 16:46:19 - PHP Notice:  Undefined variable: mysql in /home/yourpcc1/public_html/install/controller/install/step_3.php on line 280
2020-10-01 16:46:19 - PHP Notice:  Trying to get property 'connect_error' of non-object in /home/yourpcc1/public_html/install/controller/install/step_3.php on line 280
2020-10-01 16:46:35 - PHP Warning:  mysqli::__construct(): (HY000/1045): Access denied for user 'yourpcc1_admin'@'localhost' (using password: YES) in /home/yourpcc1/public_html/system/library/db/mysqli.php on line 7
2020-10-01 16:46:35 - PHP Warning:  DB\MySQLi::__construct(): Couldn't fetch mysqli in /home/yourpcc1/public_html/system/library/db/mysqli.php on line 10
2020-10-01 16:46:35 - PHP Warning:  DB\MySQLi::__construct(): Couldn't fetch mysqli in /home/yourpcc1/public_html/system/library/db/mysqli.php on line 10
2020-10-01 16:46:35 - PHP Notice:  Undefined variable: mysql in /home/yourpcc1/public_html/install/controller/install/step_3.php on line 280
2020-10-01 16:46:35 - PHP Notice:  Trying to get property 'connect_error' of non-object in /home/yourpcc1/public_html/install/controller/install/step_3.php on line 280
2020-10-01 16:46:56 - PHP Warning:  mysqli::__construct(): (HY000/1045): Access denied for user 'yourpcc1_admin'@'localhost' (using password: YES) in /home/yourpcc1/public_html/system/library/db/mysqli.php on line 7
2020-10-01 16:46:56 - PHP Warning:  DB\MySQLi::__construct(): Couldn't fetch mysqli in /home/yourpcc1/public_html/system/library/db/mysqli.php on line 10
2020-10-01 16:46:56 - PHP Warning:  DB\MySQLi::__construct(): Couldn't fetch mysqli in /home/yourpcc1/public_html/system/library/db/mysqli.php on line 10
2020-10-01 16:46:56 - PHP Notice:  Undefined variable: mysql in /home/yourpcc1/public_html/install/controller/install/step_3.php on line 280
2020-10-01 16:46:56 - PHP Notice:  Trying to get property 'connect_error' of non-object in /home/yourpcc1/public_html/install/controller/install/step_3.php on line 280
2020-10-01 16:49:11 - PHP Warning:  mysqli::__construct(): (HY000/1045): Access denied for user 'yourpcc1_admin'@'localhost' (using password: YES) in /home/yourpcc1/public_html/system/library/db/mysqli.php on line 7
2020-10-01 16:49:11 - PHP Warning:  DB\MySQLi::__construct(): Couldn't fetch mysqli in /home/yourpcc1/public_html/system/library/db/mysqli.php on line 10
2020-10-01 16:49:11 - PHP Warning:  DB\MySQLi::__construct(): Couldn't fetch mysqli in /home/yourpcc1/public_html/system/library/db/mysqli.php on line 10
2020-10-01 16:49:11 - PHP Notice:  Undefined variable: mysql in /home/yourpcc1/public_html/install/controller/install/step_3.php on line 280
2020-10-01 16:49:11 - PHP Notice:  Trying to get property 'connect_error' of non-object in /home/yourpcc1/public_html/install/controller/install/step_3.php on line 280
2020-10-01 16:49:35 - PHP Unknown:  array_key_exists(): Using array_key_exists() on objects is deprecated. Use isset() or property_exists() instead in /home/yourpcc1/public_html/system/library/template/Twig/Template.php on line 533
2020-10-01 16:49:35 - PHP Unknown:  array_key_exists(): Using array_key_exists() on objects is deprecated. Use isset() or property_exists() instead in /home/yourpcc1/public_html/system/library/template/Twig/Template.php on line 533
2020-10-01 16:49:35 - PHP Unknown:  array_key_exists(): Using array_key_exists() on objects is deprecated. Use isset() or property_exists() instead in /home/yourpcc1/public_html/system/library/template/Twig/Template.php on line 533
2020-10-01 16:49:35 - PHP Unknown:  array_key_exists(): Using array_key_exists() on objects is deprecated. Use isset() or property_exists() instead in /home/yourpcc1/public_html/system/library/template/Twig/Template.php on line 533
2020-10-01 16:49:35 - PHP Unknown:  array_key_exists(): Using array_key_exists() on objects is deprecated. Use isset() or property_exists() instead in /home/yourpcc1/public_html/system/library/template/Twig/Template.php on line 533
2020-10-01 16:49:35 - PHP Unknown:  array_key_exists(): Using array_key_exists() on objects is deprecated. Use isset() or property_exists() instead in /home/yourpcc1/public_html/system/library/template/Twig/Template.php on line 533
2020-10-01 16:49:38 - PHP Unknown:  array_key_exists(): Using array_key_exists() on objects is deprecated. Use isset() or property_exists() instead in /home/yourpcc1/public_html/system/library/template/Twig/Template.php on line 533
2020-10-01 16:49:38 - PHP Unknown:  array_key_exists(): Using array_key_exists() on objects is deprecated. Use isset() or property_exists() instead in /home/yourpcc1/public_html/system/library/template/Twig/Template.php on line 533
2020-10-01 16:49:38 - PHP Unknown:  array_key_exists(): Using array_key_exists() on objects is deprecated. Use isset() or property_exists() instead in /home/yourpcc1/public_html/system/library/template/Twig/Template.php on line 533
2020-10-01 16:49:38 - PHP Unknown:  array_key_exists(): Using array_key_exists() on objects is deprecated. Use isset() or property_exists() instead in /home/yourpcc1/public_html/system/library/template/Twig/Template.php on line 533
2020-10-01 16:49:38 - PHP Unknown:  array_key_exists(): Using array_key_exists() on objects is deprecated. Use isset() or property_exists() instead in /home/yourpcc1/public_html/system/library/template/Twig/Template.php on line 533
2020-10-01 16:49:38 - PHP Unknown:  array_key_exists(): Using array_key_exists() on objects is deprecated. Use isset() or property_exists() instead in /home/yourpcc1/public_html/system/library/template/Twig/Template.php on line 533
2020-10-01 16:52:07 - PHP Unknown:  array_key_exists(): Using array_key_exists() on objects is deprecated. Use isset() or property_exists() instead in /home/yourpcc1/public_html/system/library/template/Twig/Template.php on line 533
2020-10-01 16:52:07 - PHP Unknown:  array_key_exists(): Using array_key_exists() on objects is deprecated. Use isset() or property_exists() instead in /home/yourpcc1/public_html/system/library/template/Twig/Template.php on line 533
2020-10-01 16:52:07 - PHP Unknown:  array_key_exists(): Using array_key_exists() on objects is deprecated. Use isset() or property_exists() instead in /home/yourpcc1/public_html/system/library/template/Twig/Template.php on line 533
2020-10-01 16:52:07 - PHP Unknown:  array_key_exists(): Using array_key_exists() on objects is deprecated. Use isset() or property_exists() instead in /home/yourpcc1/public_html/system/library/template/Twig/Template.php on line 533
2020-10-01 16:52:07 - PHP Unknown:  array_key_exists(): Using array_key_exists() on objects is deprecated. Use isset() or property_exists() instead in /home/yourpcc1/public_html/system/library/template/Twig/Template.php on line 533
2020-10-01 16:52:07 - PHP Unknown:  array_key_exists(): Using array_key_exists() on objects is deprecated. Use isset() or property_exists() instead in /home/yourpcc1/public_html/system/library/template/Twig/Template.php on line 533
2020-10-01 16:52:08 - PHP Unknown:  array_key_exists(): Using array_key_exists() on objects is deprecated. Use isset() or property_exists() instead in /home/yourpcc1/public_html/system/library/template/Twig/Template.php on line 533
2020-10-01 16:52:08 - PHP Unknown:  array_key_exists(): Using array_key_exists() on objects is deprecated. Use isset() or property_exists() instead in /home/yourpcc1/public_html/system/library/template/Twig/Template.php on line 533
2020-10-01 16:52:08 - PHP Unknown:  array_key_exists(): Using array_key_exists() on objects is deprecated. Use isset() or property_exists() instead in /home/yourpcc1/public_html/system/library/template/Twig/Template.php on line 533
2020-10-01 16:52:08 - PHP Unknown:  array_key_exists(): Using array_key_exists() on objects is deprecated. Use isset() or property_exists() instead in /home/yourpcc1/public_html/system/library/template/Twig/Template.php on line 533
2020-10-01 16:52:08 - PHP Unknown:  array_key_exists(): Using array_key_exists() on objects is deprecated. Use isset() or property_exists() instead in /home/yourpcc1/public_html/system/library/template/Twig/Template.php on line 533
2020-10-01 16:52:08 - PHP Unknown:  array_key_exists(): Using array_key_exists() on objects is deprecated. Use isset() or property_exists() instead in /home/yourpcc1/public_html/system/library/template/Twig/Template.php on line 533
2020-10-01 16:52:18 - PHP Unknown:  array_key_exists(): Using array_key_exists() on objects is deprecated. Use isset() or property_exists() instead in /home/yourpcc1/public_html/system/library/template/Twig/Template.php on line 533
2020-10-01 16:52:18 - PHP Unknown:  array_key_exists(): Using array_key_exists() on objects is deprecated. Use isset() or property_exists() instead in /home/yourpcc1/public_html/system/library/template/Twig/Template.php on line 533
2020-10-01 16:52:18 - PHP Unknown:  array_key_exists(): Using array_key_exists() on objects is deprecated. Use isset() or property_exists() instead in /home/yourpcc1/public_html/system/library/template/Twig/Template.php on line 533
2020-10-01 16:52:18 - PHP Unknown:  array_key_exists(): Using array_key_exists() on objects is deprecated. Use isset() or property_exists() instead in /home/yourpcc1/public_html/system/library/template/Twig/Template.php on line 533
2020-10-01 16:52:19 - PHP Unknown:  array_key_exists(): Using array_key_exists() on objects is deprecated. Use isset() or property_exists() instead in /home/yourpcc1/public_html/system/library/template/Twig/Template.php on line 533
2020-10-01 16:52:19 - PHP Unknown:  array_key_exists(): Using array_key_exists() on objects is deprecated. Use isset() or property_exists() instead in /home/yourpcc1/public_html/system/library/template/Twig/Template.php on line 533
2020-10-01 16:52:19 - PHP Unknown:  array_key_exists(): Using array_key_exists() on objects is deprecated. Use isset() or property_exists() instead in /home/yourpcc1/public_html/system/library/template/Twig/Template.php on line 533
2020-10-01 16:52:19 - PHP Unknown:  array_key_exists(): Using array_key_exists() on objects is deprecated. Use isset() or property_exists() instead in /home/yourpcc1/public_html/system/library/template/Twig/Template.php on line 533
2020-10-01 16:52:19 - PHP Unknown:  array_key_exists(): Using array_key_exists() on objects is deprecated. Use isset() or property_exists() instead in /home/yourpcc1/public_html/system/library/template/Twig/Template.php on line 533
2020-10-01 16:52:19 - PHP Unknown:  array_key_exists(): Using array_key_exists() on objects is deprecated. Use isset() or property_exists() instead in /home/yourpcc1/public_html/system/library/template/Twig/Template.php on line 533
